Time: Wed Nov  7 04:00:01 EST 2018. Backup of apache2 STARTED
Time: Wed Nov  7 04:00:03 EST 2018. Backup of apache2 ENDED
~~~~~~~~~~~~~~~~~~~~~~~~~~~~~~~~~~~~~~~~~~~~~~~~~~~
Time: Wed Nov  7 13:24:22 EST 2018. Backup of apache2 STARTED
Time: Wed Nov  7 13:24:23 EST 2018. Backup of apache2 ENDED
~~~~~~~~~~~~~~~~~~~~~~~~~~~~~~~~~~~~~~~~~~~~~~~~~~~
Time: Thu Nov  8 04:00:01 EST 2018. Backup of apache2 STARTED
Time: Thu Nov  8 04:00:05 EST 2018. Backup of apache2 ENDED
~~~~~~~~~~~~~~~~~~~~~~~~~~~~~~~~~~~~~~~~~~~~~~~~~~~
Time: Thu Nov  8 11:31:59 EST 2018. Backup of apache2 STARTED
Time: Thu Nov  8 11:32:00 EST 2018. Backup of apache2 ENDED
~~~~~~~~~~~~~~~~~~~~~~~~~~~~~~~~~~~~~~~~~~~~~~~~~~~
Time: Fri Nov  9 04:00:01 EST 2018. Backup of apache2 STARTED
Time: Fri Nov  9 04:00:03 EST 2018. Backup of apache2 ENDED
~~~~~~~~~~~~~~~~~~~~~~~~~~~~~~~~~~~~~~~~~~~~~~~~~~~
Time: Sat Nov 10 04:00:01 EST 2018. Backup of apache2 STARTED
Time: Sat Nov 10 04:00:03 EST 2018. Backup of apache2 ENDED
~~~~~~~~~~~~~~~~~~~~~~~~~~~~~~~~~~~~~~~~~~~~~~~~~~~
Time: Sun Nov 11 04:00:01 EST 2018. Backup of apache2 STARTED
Time: Sun Nov 11 04:00:03 EST 2018. Backup of apache2 ENDED
~~~~~~~~~~~~~~~~~~~~~~~~~~~~~~~~~~~~~~~~~~~~~~~~~~~
Time: Mon Nov 12 04:00:01 EST 2018. Backup of apache2 STARTED
Time: Mon Nov 12 04:00:04 EST 2018. Backup of apache2 ENDED
~~~~~~~~~~~~~~~~~~~~~~~~~~~~~~~~~~~~~~~~~~~~~~~~~~~
Time: Mon Nov 12 12:44:08 EST 2018. Backup of apache2 STARTED
Time: Mon Nov 12 12:44:09 EST 2018. Backup of apache2 ENDED
~~~~~~~~~~~~~~~~~~~~~~~~~~~~~~~~~~~~~~~~~~~~~~~~~~~
Time: Mon Nov 12 12:47:01 EST 2018. Backup of apache2 STARTED
Time: Mon Nov 12 12:47:02 EST 2018. Backup of apache2 ENDED
~~~~~~~~~~~~~~~~~~~~~~~~~~~~~~~~~~~~~~~~~~~~~~~~~~~
Time: Mon Nov 12 12:52:13 EST 2018. Backup of apache2 STARTED
Time: Mon Nov 12 12:52:13 EST 2018. Backup of apache2 ENDED
~~~~~~~~~~~~~~~~~~~~~~~~~~~~~~~~~~~~~~~~~~~~~~~~~~~
Time: Mon Nov 12 12:57:38 EST 2018. Backup of apache2 STARTED
Time: Mon Nov 12 12:57:38 EST 2018. Backup of apache2 ENDED
~~~~~~~~~~~~~~~~~~~~~~~~~~~~~~~~~~~~~~~~~~~~~~~~~~~
Time: Mon Nov 12 14:16:44 EST 2018. Backup of apache2 STARTED
Time: Mon Nov 12 14:16:44 EST 2018. Backup of apache2 ENDED
~~~~~~~~~~~~~~~~~~~~~~~~~~~~~~~~~~~~~~~~~~~~~~~~~~~
Time: Mon Nov 12 14:32:16 EST 2018. Backup of apache2 STARTED
Time: Mon Nov 12 14:32:16 EST 2018. Backup of apache2 ENDED
~~~~~~~~~~~~~~~~~~~~~~~~~~~~~~~~~~~~~~~~~~~~~~~~~~~
Time: Mon Nov 12 15:29:37 EST 2018. Backup of apache2 STARTED
Time: Mon Nov 12 15:29:37 EST 2018. Backup of apache2 ENDED
~~~~~~~~~~~~~~~~~~~~~~~~~~~~~~~~~~~~~~~~~~~~~~~~~~~
Time: Mon Nov 12 15:31:04 EST 2018. Backup of apache2 STARTED
Time: Mon Nov 12 15:31:04 EST 2018. Backup of apache2 ENDED
~~~~~~~~~~~~~~~~~~~~~~~~~~~~~~~~~~~~~~~~~~~~~~~~~~~
Time: Mon Nov 12 15:33:38 EST 2018. Backup of apache2 STARTED
Time: Mon Nov 12 15:33:38 EST 2018. Backup of apache2 ENDED
~~~~~~~~~~~~~~~~~~~~~~~~~~~~~~~~~~~~~~~~~~~~~~~~~~~
Time: Mon Nov 12 15:35:24 EST 2018. Backup of apache2 STARTED
Time: Mon Nov 12 15:35:24 EST 2018. Backup of apache2 ENDED
~~~~~~~~~~~~~~~~~~~~~~~~~~~~~~~~~~~~~~~~~~~~~~~~~~~
Time: Mon Nov 12 15:53:21 EST 2018. Backup of apache2 STARTED
Time: Mon Nov 12 15:53:21 EST 2018. Backup of apache2 ENDED
~~~~~~~~~~~~~~~~~~~~~~~~~~~~~~~~~~~~~~~~~~~~~~~~~~~
Time: Mon Nov 12 15:58:52 EST 2018. Backup of apache2 STARTED
Time: Mon Nov 12 15:58:52 EST 2018. Backup of apache2 ENDED
~~~~~~~~~~~~~~~~~~~~~~~~~~~~~~~~~~~~~~~~~~~~~~~~~~~
Time: Mon Nov 12 16:01:34 EST 2018. Backup of apache2 STARTED
Time: Mon Nov 12 16:01:34 EST 2018. Backup of apache2 ENDED
~~~~~~~~~~~~~~~~~~~~~~~~~~~~~~~~~~~~~~~~~~~~~~~~~~~
Time: Mon Nov 12 16:02:18 EST 2018. Backup of apache2 STARTED
Time: Mon Nov 12 16:02:18 EST 2018. Backup of apache2 ENDED
~~~~~~~~~~~~~~~~~~~~~~~~~~~~~~~~~~~~~~~~~~~~~~~~~~~
Time: Mon Nov 12 16:09:10 EST 2018. Backup of apache2 STARTED
Time: Mon Nov 12 16:09:12 EST 2018. Backup of apache2 ENDED
~~~~~~~~~~~~~~~~~~~~~~~~~~~~~~~~~~~~~~~~~~~~~~~~~~~
Time: Fri Nov 16 20:09:54 EST 2018. Backup of s3 apache2 STARTED
Time: Fri Nov 16 20:09:55 EST 2018. Backup of s3 apache2 ENDED
~~~~~~~~~~~~~~~~~~~~~~~~~~~~~~~~~~~~~~~~~~~~~~~~~~~
Time: Fri Nov 16 20:11:17 EST 2018. Backup of local apache2 STARTED
Time: Fri Nov 16 20:11:17 EST 2018. Backup of local apache2 ENDED
~~~~~~~~~~~~~~~~~~~~~~~~~~~~~~~~~~~~~~~~~~~~~~~~~~~
Time: Fri Nov 16 20:16:41 EST 2018. Backup of local apache2 STARTED
Time: Fri Nov 16 20:16:41 EST 2018. Backup of local apache2 ENDED
~~~~~~~~~~~~~~~~~~~~~~~~~~~~~~~~~~~~~~~~~~~~~~~~~~~
Time: Fri Nov 16 20:20:03 EST 2018. Backup of s3 apache2 STARTED
Time: Fri Nov 16 20:20:04 EST 2018. Backup of s3 apache2 ENDED
~~~~~~~~~~~~~~~~~~~~~~~~~~~~~~~~~~~~~~~~~~~~~~~~~~~
Time: Fri Nov 16 20:21:08 EST 2018. Backup of s3 apache2 STARTED
Time: Fri Nov 16 20:21:10 EST 2018. Backup of s3 apache2 ENDED
~~~~~~~~~~~~~~~~~~~~~~~~~~~~~~~~~~~~~~~~~~~~~~~~~~~
