Time: Wed Nov  7 05:30:01 EST 2018. Backup of photos.andresanz.com STARTED
Time: Wed Nov  7 05:33:32 EST 2018. Backup of photos.andresanz.com ENDED
~~~~~~~~~~~~~~~~~~~~~~~~~~~~~~~~~~~~~~~~~~~~~~~~~~~
Time: Thu Nov  8 05:30:01 EST 2018. Backup of photos.andresanz.com STARTED
Time: Thu Nov  8 05:33:18 EST 2018. Backup of photos.andresanz.com ENDED
~~~~~~~~~~~~~~~~~~~~~~~~~~~~~~~~~~~~~~~~~~~~~~~~~~~
Time: Fri Nov  9 05:30:01 EST 2018. Backup of photos.andresanz.com STARTED
Time: Fri Nov  9 05:33:34 EST 2018. Backup of photos.andresanz.com ENDED
~~~~~~~~~~~~~~~~~~~~~~~~~~~~~~~~~~~~~~~~~~~~~~~~~~~
Time: Sat Nov 10 05:30:02 EST 2018. Backup of photos.andresanz.com STARTED
Time: Sat Nov 10 05:33:31 EST 2018. Backup of photos.andresanz.com ENDED
~~~~~~~~~~~~~~~~~~~~~~~~~~~~~~~~~~~~~~~~~~~~~~~~~~~
Time: Sun Nov 11 05:30:01 EST 2018. Backup of photos.andresanz.com STARTED
Time: Sun Nov 11 05:33:23 EST 2018. Backup of photos.andresanz.com ENDED
~~~~~~~~~~~~~~~~~~~~~~~~~~~~~~~~~~~~~~~~~~~~~~~~~~~
Time: Mon Nov 12 05:30:01 EST 2018. Backup of photos.andresanz.com STARTED
Time: Mon Nov 12 05:34:03 EST 2018. Backup of photos.andresanz.com ENDED
~~~~~~~~~~~~~~~~~~~~~~~~~~~~~~~~~~~~~~~~~~~~~~~~~~~
Time: Mon Nov 12 21:27:57 EST 2018. Local backup of photos.andresanz.com STARTED
Time: Mon Nov 12 21:29:34 EST 2018. Local backup of photos.andresanz.com ENDED
~~~~~~~~~~~~~~~~~~~~~~~~~~~~~~~~~~~~~~~~~~~~~~~~~~~
Time: Mon Nov 12 21:30:49 EST 2018. Local backup of photos.andresanz.com STARTED
Time: Mon Nov 12 21:32:25 EST 2018. Local backup of photos.andresanz.com ENDED
~~~~~~~~~~~~~~~~~~~~~~~~~~~~~~~~~~~~~~~~~~~~~~~~~~~
