Time: Wed Nov  7 05:00:01 EST 2018. Backup of home STARTED
Time: Wed Nov  7 05:00:03 EST 2018. Backup of home ENDED
~~~~~~~~~~~~~~~~~~~~~~~~~~~~~~~~~~~~~~~~~~~~~~~~~~~
Time: Wed Nov  7 10:11:07 EST 2018. Backup of home STARTED
Time: Wed Nov  7 10:11:10 EST 2018. Backup of home ENDED
~~~~~~~~~~~~~~~~~~~~~~~~~~~~~~~~~~~~~~~~~~~~~~~~~~~
Time: Wed Nov  7 10:22:36 EST 2018. Backup of home STARTED
Time: Wed Nov  7 10:22:37 EST 2018. Backup of home ENDED
~~~~~~~~~~~~~~~~~~~~~~~~~~~~~~~~~~~~~~~~~~~~~~~~~~~
Time: Wed Nov  7 10:31:50 EST 2018. Backup of home STARTED
Time: Wed Nov  7 10:31:51 EST 2018. Backup of home ENDED
~~~~~~~~~~~~~~~~~~~~~~~~~~~~~~~~~~~~~~~~~~~~~~~~~~~
Time: Wed Nov  7 10:32:30 EST 2018. Backup of home STARTED
Time: Wed Nov  7 10:32:31 EST 2018. Backup of home ENDED
~~~~~~~~~~~~~~~~~~~~~~~~~~~~~~~~~~~~~~~~~~~~~~~~~~~
Time: Wed Nov  7 11:33:41 EST 2018. Backup of home STARTED
Time: Wed Nov  7 11:33:43 EST 2018. Backup of home ENDED
~~~~~~~~~~~~~~~~~~~~~~~~~~~~~~~~~~~~~~~~~~~~~~~~~~~
Time: Wed Nov  7 11:44:40 EST 2018. Backup of home STARTED
Time: Wed Nov  7 11:44:41 EST 2018. Backup of home ENDED
~~~~~~~~~~~~~~~~~~~~~~~~~~~~~~~~~~~~~~~~~~~~~~~~~~~
Time: Wed Nov  7 11:45:19 EST 2018. Backup of home STARTED
Time: Wed Nov  7 11:45:20 EST 2018. Backup of home ENDED
~~~~~~~~~~~~~~~~~~~~~~~~~~~~~~~~~~~~~~~~~~~~~~~~~~~
Time: Wed Nov  7 21:14:01 EST 2018. Backup of home STARTED
Time: Wed Nov  7 21:14:03 EST 2018. Backup of home ENDED
~~~~~~~~~~~~~~~~~~~~~~~~~~~~~~~~~~~~~~~~~~~~~~~~~~~
Time: Thu Nov  8 05:00:01 EST 2018. Backup of home STARTED
Time: Thu Nov  8 05:00:03 EST 2018. Backup of home ENDED
~~~~~~~~~~~~~~~~~~~~~~~~~~~~~~~~~~~~~~~~~~~~~~~~~~~
Time: Thu Nov  8 11:31:07 EST 2018. Backup of home STARTED
Time: Thu Nov  8 11:31:09 EST 2018. Backup of home ENDED
~~~~~~~~~~~~~~~~~~~~~~~~~~~~~~~~~~~~~~~~~~~~~~~~~~~
Time: Fri Nov  9 05:00:01 EST 2018. Backup of home STARTED
Time: Fri Nov  9 05:00:07 EST 2018. Backup of home ENDED
~~~~~~~~~~~~~~~~~~~~~~~~~~~~~~~~~~~~~~~~~~~~~~~~~~~
Time: Fri Nov  9 07:54:39 EST 2018. Backup of home STARTED
Time: Fri Nov  9 07:54:40 EST 2018. Backup of home ENDED
~~~~~~~~~~~~~~~~~~~~~~~~~~~~~~~~~~~~~~~~~~~~~~~~~~~
Time: Fri Nov  9 08:05:47 EST 2018. Backup of home STARTED
Time: Fri Nov  9 08:05:50 EST 2018. Backup of home ENDED
~~~~~~~~~~~~~~~~~~~~~~~~~~~~~~~~~~~~~~~~~~~~~~~~~~~
Time: Sat Nov 10 05:00:01 EST 2018. Backup of home STARTED
Time: Sat Nov 10 05:00:03 EST 2018. Backup of home ENDED
~~~~~~~~~~~~~~~~~~~~~~~~~~~~~~~~~~~~~~~~~~~~~~~~~~~
Time: Sun Nov 11 05:00:01 EST 2018. Backup of home STARTED
Time: Sun Nov 11 05:00:04 EST 2018. Backup of home ENDED
~~~~~~~~~~~~~~~~~~~~~~~~~~~~~~~~~~~~~~~~~~~~~~~~~~~
Time: Mon Nov 12 05:00:01 EST 2018. Backup of home STARTED
Time: Mon Nov 12 05:00:04 EST 2018. Backup of home ENDED
~~~~~~~~~~~~~~~~~~~~~~~~~~~~~~~~~~~~~~~~~~~~~~~~~~~
Time: Mon Nov 12 15:38:24 EST 2018. Backup of home STARTED
Time: Mon Nov 12 15:38:24 EST 2018. Backup of home ENDED
~~~~~~~~~~~~~~~~~~~~~~~~~~~~~~~~~~~~~~~~~~~~~~~~~~~
Time: Mon Nov 12 15:43:45 EST 2018. Backup of home STARTED
Time: Mon Nov 12 15:43:45 EST 2018. Backup of home ENDED
~~~~~~~~~~~~~~~~~~~~~~~~~~~~~~~~~~~~~~~~~~~~~~~~~~~
Time: Mon Nov 12 15:46:44 EST 2018. Backup of home STARTED
Time: Mon Nov 12 15:46:44 EST 2018. Backup of home ENDED
~~~~~~~~~~~~~~~~~~~~~~~~~~~~~~~~~~~~~~~~~~~~~~~~~~~
Time: Mon Nov 12 15:47:08 EST 2018. Backup of home STARTED
Time: Mon Nov 12 15:47:08 EST 2018. Backup of home ENDED
~~~~~~~~~~~~~~~~~~~~~~~~~~~~~~~~~~~~~~~~~~~~~~~~~~~
Time: Mon Nov 12 15:48:06 EST 2018. Backup of home STARTED
Time: Mon Nov 12 15:48:06 EST 2018. Backup of home ENDED
~~~~~~~~~~~~~~~~~~~~~~~~~~~~~~~~~~~~~~~~~~~~~~~~~~~
Time: Mon Nov 12 15:48:52 EST 2018. Backup of home STARTED
Time: Mon Nov 12 15:48:54 EST 2018. Backup of home ENDED
~~~~~~~~~~~~~~~~~~~~~~~~~~~~~~~~~~~~~~~~~~~~~~~~~~~
Time: Mon Nov 12 15:49:44 EST 2018. Backup of home STARTED
Time: Mon Nov 12 15:49:44 EST 2018. Backup of home ENDED
~~~~~~~~~~~~~~~~~~~~~~~~~~~~~~~~~~~~~~~~~~~~~~~~~~~
Time: Mon Nov 12 15:59:04 EST 2018. Backup of home STARTED
Time: Mon Nov 12 15:59:04 EST 2018. Backup of home ENDED
~~~~~~~~~~~~~~~~~~~~~~~~~~~~~~~~~~~~~~~~~~~~~~~~~~~
Time: Tue Nov 13 00:10:01 EST 2018. Backup of local home STARTED
Time: Tue Nov 13 00:10:01 EST 2018. Backup of local home ENDED
~~~~~~~~~~~~~~~~~~~~~~~~~~~~~~~~~~~~~~~~~~~~~~~~~~~
Time: Wed Nov 14 00:10:01 EST 2018. Backup of local home STARTED
Time: Wed Nov 14 00:10:01 EST 2018. Backup of local home ENDED
~~~~~~~~~~~~~~~~~~~~~~~~~~~~~~~~~~~~~~~~~~~~~~~~~~~
Time: Thu Nov 15 00:10:01 EST 2018. Backup of local home STARTED
Time: Thu Nov 15 00:10:01 EST 2018. Backup of local home ENDED
~~~~~~~~~~~~~~~~~~~~~~~~~~~~~~~~~~~~~~~~~~~~~~~~~~~
